2024-08-15 09:58:35.931 - algorithmLogger - AlgorithmRPCDataConnectServer.__receive_data_function - INFO - 接收数据连接结束，发送结束信号事件RPC_DATA_INPUT_CONNECT_FINISHED
2024-08-15 09:58:35.933 - algorithmLogger - AlgorithmRPCDataConnectServer.connect - INFO - 收到数据连接取消异常，尝试关闭连接
2024-08-15 09:58:35.933 - algorithmLogger - MethodManager.shutdown - INFO - 等待算法结束
2024-08-15 09:58:45.462 - algorithmLogger - MethodManager.__run_algorithm_method - INFO - 算法执行结束
2024-08-15 09:58:45.474 - algorithmLogger - CoreController.shutdown - INFO - CoreController已经非运行状态，无需再次关闭，当前状态为STOPPING
2024-08-15 10:01:41.229 - algorithmLogger - CoreController.initial_system - INFO - core_manager初始化系统
2024-08-15 10:01:41.229 - algorithmLogger - ConfigManager.initial_system - INFO - config_manager启动
2024-08-15 10:01:41.235 - algorithmLogger - ConfigManager.initial_system - INFO - config_manager启动系统初始化{'connection': {'rpc_address': '[::]:9981'}, 'method': {'method_class_file': 'Algorithm/method/impl/AlgorithmImplement.py', 'method_class_name': 'AlgorithmImplement'}, 'sources': {'eeg_1': {'source_receiver': {'handler': 'continuous_data_source_receiver', 'configuration': {'chunk_size': 40}}}}, 'source_receiver_handlers': {'continuous_data_source_receiver': {'receiver_class_file': 'Algorithm/service/SourceReceiver/ContinuousDataSourceReceiver.py', 'receiver_class_name': 'ContinuousDataSourceReceiver'}}}
2024-08-15 10:01:43.567 - algorithmLogger - BusinessManager.initial_system - INFO - 已经加载数据源处理器{'continuous_data_source_receiver': {'receiver_class_file': 'Algorithm/service/SourceReceiver/ContinuousDataSourceReceiver.py', 'receiver_class_name': 'ContinuousDataSourceReceiver'}}
2024-08-15 10:01:43.567 - algorithmLogger - BusinessManager.initial_system - INFO - 已缓存源配置信息{'eeg_1': {'source_receiver': {'handler': 'continuous_data_source_receiver', 'configuration': {'chunk_size': 40}}}}
2024-08-15 10:01:43.567 - algorithmLogger - GrpcServer.startup - INFO - Starting GRPC Server
2024-08-15 10:01:43.569 - algorithmLogger - GrpcServer.startup - INFO - GRPC Server listening on [::]:9981
2024-08-15 10:01:43.570 - algorithmLogger - GrpcServer.startup - INFO - GRPC Server started
2024-08-15 10:01:43.570 - algorithmLogger - RPCController.startup - INFO - RPCController已启动
2024-08-15 10:01:47.138 - algorithmLogger - AlgorithmRPCDataConnectServer.connect - INFO - 接收到数据连接，抛出数据连接事件
2024-08-15 10:01:47.138 - algorithmLogger - BusinessManager.startup - INFO - 已经初始化数据源接收器{'eeg_1': <ContinuousDataSourceReceiver.ContinuousDataSourceReceiver object at 0x000001DA81A74CD0>}
2024-08-15 10:01:47.138 - algorithmLogger - MethodManager.startup - INFO - 算法已启动
2024-08-15 10:01:47.138 - algorithmLogger - AlgorithmRPCDataConnectServer.connect - INFO - 启动数据接收任务
2024-08-15 10:01:47.464 - algorithmLogger - AlgorithmRPCServiceControlServer.sendConfig - INFO - 接收到配置信息{'triggers': {1: 8, 2: 9, 3: 10, 4: 11, 5: 12, 6: 13, 7: 14, 8: 15, 9: 8.2, 10: 9.2, 11: 10.2, 12: 11.2, 13: 12.2, 14: 13.2, 15: 14.2, 16: 15.2, 17: 8.4, 18: 9.4, 19: 10.4, 20: 11.4, 21: 12.4, 22: 13.4, 23: 14.4, 24: 15.4, 25: 8.6, 26: 9.6, 27: 10.6, 28: 11.6, 29: 12.6, 30: 13.6, 31: 14.6, 32: 15.6, 33: 8.8, 34: 9.8, 35: 10.8, 36: 11.8, 37: 12.8, 38: 13.8, 39: 14.8, 40: 15.8}}
2024-08-15 10:01:47.466 - algorithmLogger - AlgorithmRPCServiceControlServer.getConfig - INFO - 发送配置信息{'sources': {'eeg_1': None}}
2024-08-15 10:04:52.180 - algorithmLogger - AlgorithmRPCDataConnectServer.__receive_data_function - INFO - 接收数据连接结束，发送结束信号事件RPC_DATA_INPUT_CONNECT_FINISHED
2024-08-15 10:04:52.180 - algorithmLogger - AlgorithmRPCDataConnectServer.connect - INFO - 收到数据连接取消异常，尝试关闭连接
2024-08-15 10:04:52.180 - algorithmLogger - MethodManager.shutdown - INFO - 等待算法结束
2024-08-15 10:06:04.317 - algorithmLogger - MethodManager.__run_algorithm_method - INFO - 算法执行结束
2024-08-15 10:06:04.328 - algorithmLogger - CoreController.shutdown - INFO - CoreController已经非运行状态，无需再次关闭，当前状态为STOPPING
2024-08-15 10:16:08.625 - algorithmLogger - CoreController.initial_system - INFO - core_manager初始化系统
2024-08-15 10:16:08.625 - algorithmLogger - ConfigManager.initial_system - INFO - config_manager启动
2024-08-15 10:16:08.627 - algorithmLogger - ConfigManager.initial_system - INFO - config_manager启动系统初始化{'connection': {'rpc_address': '[::]:9981'}, 'method': {'method_class_file': 'Algorithm/method/impl/AlgorithmImplement.py', 'method_class_name': 'AlgorithmImplement'}, 'sources': {'eeg_1': {'source_receiver': {'handler': 'continuous_data_source_receiver', 'configuration': {'chunk_size': 40}}}}, 'source_receiver_handlers': {'continuous_data_source_receiver': {'receiver_class_file': 'Algorithm/service/SourceReceiver/ContinuousDataSourceReceiver.py', 'receiver_class_name': 'ContinuousDataSourceReceiver'}}}
2024-08-15 10:16:09.100 - algorithmLogger - BusinessManager.initial_system - INFO - 已经加载数据源处理器{'continuous_data_source_receiver': {'receiver_class_file': 'Algorithm/service/SourceReceiver/ContinuousDataSourceReceiver.py', 'receiver_class_name': 'ContinuousDataSourceReceiver'}}
2024-08-15 10:16:09.100 - algorithmLogger - BusinessManager.initial_system - INFO - 已缓存源配置信息{'eeg_1': {'source_receiver': {'handler': 'continuous_data_source_receiver', 'configuration': {'chunk_size': 40}}}}
2024-08-15 10:16:09.100 - algorithmLogger - GrpcServer.startup - INFO - Starting GRPC Server
2024-08-15 10:16:09.103 - algorithmLogger - GrpcServer.startup - INFO - GRPC Server listening on [::]:9981
2024-08-15 10:16:09.103 - algorithmLogger - GrpcServer.startup - INFO - GRPC Server started
2024-08-15 10:16:09.103 - algorithmLogger - RPCController.startup - INFO - RPCController已启动
2024-08-15 10:16:12.385 - algorithmLogger - AlgorithmRPCDataConnectServer.connect - INFO - 接收到数据连接，抛出数据连接事件
2024-08-15 10:16:12.385 - algorithmLogger - BusinessManager.startup - INFO - 已经初始化数据源接收器{'eeg_1': <ContinuousDataSourceReceiver.ContinuousDataSourceReceiver object at 0x0000029FFA9912D0>}
2024-08-15 10:16:12.385 - algorithmLogger - MethodManager.startup - INFO - 算法已启动
2024-08-15 10:16:12.385 - algorithmLogger - AlgorithmRPCDataConnectServer.connect - INFO - 启动数据接收任务
2024-08-15 10:16:12.697 - algorithmLogger - AlgorithmRPCServiceControlServer.sendConfig - INFO - 接收到配置信息{'triggers': {1: 8, 2: 9, 3: 10, 4: 11, 5: 12, 6: 13, 7: 14, 8: 15, 9: 8.2, 10: 9.2, 11: 10.2, 12: 11.2, 13: 12.2, 14: 13.2, 15: 14.2, 16: 15.2, 17: 8.4, 18: 9.4, 19: 10.4, 20: 11.4, 21: 12.4, 22: 13.4, 23: 14.4, 24: 15.4, 25: 8.6, 26: 9.6, 27: 10.6, 28: 11.6, 29: 12.6, 30: 13.6, 31: 14.6, 32: 15.6, 33: 8.8, 34: 9.8, 35: 10.8, 36: 11.8, 37: 12.8, 38: 13.8, 39: 14.8, 40: 15.8}}
2024-08-15 10:16:12.700 - algorithmLogger - AlgorithmRPCServiceControlServer.getConfig - INFO - 发送配置信息{'sources': {'eeg_1': None}}
2024-08-15 10:22:19.625 - algorithmLogger - AlgorithmRPCDataConnectServer.__receive_data_function - INFO - 接收数据连接结束，发送结束信号事件RPC_DATA_INPUT_CONNECT_FINISHED
2024-08-15 10:22:19.625 - algorithmLogger - MethodManager.shutdown - INFO - 等待算法结束
2024-08-15 10:22:19.626 - algorithmLogger - AlgorithmRPCDataConnectServer.connect - INFO - 收到数据连接取消异常，尝试关闭连接
2024-08-15 10:22:22.368 - algorithmLogger - MethodManager.__run_algorithm_method - INFO - 算法执行结束
2024-08-15 10:22:22.378 - algorithmLogger - CoreController.shutdown - INFO - CoreController已经非运行状态，无需再次关闭，当前状态为STOPPING
2024-08-15 10:23:46.124 - algorithmLogger - CoreController.initial_system - INFO - core_manager初始化系统
2024-08-15 10:23:46.125 - algorithmLogger - ConfigManager.initial_system - INFO - config_manager启动
2024-08-15 10:23:46.127 - algorithmLogger - ConfigManager.initial_system - INFO - config_manager启动系统初始化{'connection': {'rpc_address': '[::]:9981'}, 'method': {'method_class_file': 'Algorithm/method/impl/AlgorithmImplement.py', 'method_class_name': 'AlgorithmImplement'}, 'sources': {'eeg_1': {'source_receiver': {'handler': 'continuous_data_source_receiver', 'configuration': {'chunk_size': 40}}}}, 'source_receiver_handlers': {'continuous_data_source_receiver': {'receiver_class_file': 'Algorithm/service/SourceReceiver/ContinuousDataSourceReceiver.py', 'receiver_class_name': 'ContinuousDataSourceReceiver'}}}
2024-08-15 10:23:46.595 - algorithmLogger - BusinessManager.initial_system - INFO - 已经加载数据源处理器{'continuous_data_source_receiver': {'receiver_class_file': 'Algorithm/service/SourceReceiver/ContinuousDataSourceReceiver.py', 'receiver_class_name': 'ContinuousDataSourceReceiver'}}
2024-08-15 10:23:46.595 - algorithmLogger - BusinessManager.initial_system - INFO - 已缓存源配置信息{'eeg_1': {'source_receiver': {'handler': 'continuous_data_source_receiver', 'configuration': {'chunk_size': 40}}}}
2024-08-15 10:23:46.595 - algorithmLogger - GrpcServer.startup - INFO - Starting GRPC Server
2024-08-15 10:23:46.597 - algorithmLogger - GrpcServer.startup - INFO - GRPC Server listening on [::]:9981
2024-08-15 10:23:46.597 - algorithmLogger - GrpcServer.startup - INFO - GRPC Server started
2024-08-15 10:23:46.598 - algorithmLogger - RPCController.startup - INFO - RPCController已启动
2024-08-15 10:23:49.409 - algorithmLogger - AlgorithmRPCDataConnectServer.connect - INFO - 接收到数据连接，抛出数据连接事件
2024-08-15 10:23:49.410 - algorithmLogger - BusinessManager.startup - INFO - 已经初始化数据源接收器{'eeg_1': <ContinuousDataSourceReceiver.ContinuousDataSourceReceiver object at 0x0000024B2E620CD0>}
2024-08-15 10:23:49.410 - algorithmLogger - MethodManager.startup - INFO - 算法已启动
2024-08-15 10:23:49.410 - algorithmLogger - AlgorithmRPCDataConnectServer.connect - INFO - 启动数据接收任务
2024-08-15 10:23:49.712 - algorithmLogger - AlgorithmRPCServiceControlServer.sendConfig - INFO - 接收到配置信息{'triggers': {1: 8, 2: 9, 3: 10, 4: 11, 5: 12, 6: 13, 7: 14, 8: 15, 9: 8.2, 10: 9.2, 11: 10.2, 12: 11.2, 13: 12.2, 14: 13.2, 15: 14.2, 16: 15.2, 17: 8.4, 18: 9.4, 19: 10.4, 20: 11.4, 21: 12.4, 22: 13.4, 23: 14.4, 24: 15.4, 25: 8.6, 26: 9.6, 27: 10.6, 28: 11.6, 29: 12.6, 30: 13.6, 31: 14.6, 32: 15.6, 33: 8.8, 34: 9.8, 35: 10.8, 36: 11.8, 37: 12.8, 38: 13.8, 39: 14.8, 40: 15.8}}
2024-08-15 10:23:49.715 - algorithmLogger - AlgorithmRPCServiceControlServer.getConfig - INFO - 发送配置信息{'sources': {'eeg_1': None}}
2024-08-15 10:32:14.765 - algorithmLogger - AlgorithmRPCDataConnectServer.__receive_data_function - INFO - 接收数据连接结束，发送结束信号事件RPC_DATA_INPUT_CONNECT_FINISHED
2024-08-15 10:32:14.765 - algorithmLogger - AlgorithmRPCDataConnectServer.connect - INFO - 收到数据连接取消异常，尝试关闭连接
2024-08-15 10:32:14.765 - algorithmLogger - MethodManager.shutdown - INFO - 等待算法结束
2024-08-15 10:32:26.184 - algorithmLogger - MethodManager.__run_algorithm_method - INFO - 算法执行结束
2024-08-15 10:32:26.195 - algorithmLogger - CoreController.shutdown - INFO - CoreController已经非运行状态，无需再次关闭，当前状态为STOPPING
2024-08-15 10:33:30.297 - algorithmLogger - CoreController.initial_system - INFO - core_manager初始化系统
2024-08-15 10:33:30.298 - algorithmLogger - ConfigManager.initial_system - INFO - config_manager启动
2024-08-15 10:33:30.300 - algorithmLogger - ConfigManager.initial_system - INFO - config_manager启动系统初始化{'connection': {'rpc_address': '[::]:9981'}, 'method': {'method_class_file': 'Algorithm/method/impl/AlgorithmImplement.py', 'method_class_name': 'AlgorithmImplement'}, 'sources': {'eeg_1': {'source_receiver': {'handler': 'continuous_data_source_receiver', 'configuration': {'chunk_size': 40}}}}, 'source_receiver_handlers': {'continuous_data_source_receiver': {'receiver_class_file': 'Algorithm/service/SourceReceiver/ContinuousDataSourceReceiver.py', 'receiver_class_name': 'ContinuousDataSourceReceiver'}}}
2024-08-15 10:33:30.758 - algorithmLogger - BusinessManager.initial_system - INFO - 已经加载数据源处理器{'continuous_data_source_receiver': {'receiver_class_file': 'Algorithm/service/SourceReceiver/ContinuousDataSourceReceiver.py', 'receiver_class_name': 'ContinuousDataSourceReceiver'}}
2024-08-15 10:33:30.759 - algorithmLogger - BusinessManager.initial_system - INFO - 已缓存源配置信息{'eeg_1': {'source_receiver': {'handler': 'continuous_data_source_receiver', 'configuration': {'chunk_size': 40}}}}
2024-08-15 10:33:30.759 - algorithmLogger - GrpcServer.startup - INFO - Starting GRPC Server
2024-08-15 10:33:30.761 - algorithmLogger - GrpcServer.startup - INFO - GRPC Server listening on [::]:9981
2024-08-15 10:33:30.762 - algorithmLogger - GrpcServer.startup - INFO - GRPC Server started
2024-08-15 10:33:30.762 - algorithmLogger - RPCController.startup - INFO - RPCController已启动
2024-08-15 10:33:33.248 - algorithmLogger - AlgorithmRPCDataConnectServer.connect - INFO - 接收到数据连接，抛出数据连接事件
2024-08-15 10:33:33.248 - algorithmLogger - BusinessManager.startup - INFO - 已经初始化数据源接收器{'eeg_1': <ContinuousDataSourceReceiver.ContinuousDataSourceReceiver object at 0x000002D58F384CD0>}
2024-08-15 10:33:33.248 - algorithmLogger - MethodManager.startup - INFO - 算法已启动
2024-08-15 10:33:33.249 - algorithmLogger - AlgorithmRPCDataConnectServer.connect - INFO - 启动数据接收任务
2024-08-15 10:33:33.385 - algorithmLogger - AlgorithmRPCServiceControlServer.sendConfig - INFO - 接收到配置信息{'triggers': {1: 8, 2: 9, 3: 10, 4: 11, 5: 12, 6: 13, 7: 14, 8: 15, 9: 8.2, 10: 9.2, 11: 10.2, 12: 11.2, 13: 12.2, 14: 13.2, 15: 14.2, 16: 15.2, 17: 8.4, 18: 9.4, 19: 10.4, 20: 11.4, 21: 12.4, 22: 13.4, 23: 14.4, 24: 15.4, 25: 8.6, 26: 9.6, 27: 10.6, 28: 11.6, 29: 12.6, 30: 13.6, 31: 14.6, 32: 15.6, 33: 8.8, 34: 9.8, 35: 10.8, 36: 11.8, 37: 12.8, 38: 13.8, 39: 14.8, 40: 15.8}}
2024-08-15 10:33:33.388 - algorithmLogger - AlgorithmRPCServiceControlServer.getConfig - INFO - 发送配置信息{'sources': {'eeg_1': None}}
2024-08-15 10:35:58.231 - algorithmLogger - AlgorithmRPCDataConnectServer.connect - INFO - 收到数据连接取消异常，尝试关闭连接
2024-08-15 10:35:58.232 - algorithmLogger - AlgorithmRPCDataConnectServer.__receive_data_function - INFO - 数据接收任务取消
2024-08-15 10:35:58.232 - algorithmLogger - AlgorithmRPCDataConnectServer.__receive_data_function - INFO - 接收数据连接结束，发送结束信号事件RPC_DATA_INPUT_CONNECT_FINISHED
2024-08-15 10:35:58.232 - algorithmLogger - MethodManager.__run_algorithm_method - INFO - 算法执行结束
2024-08-15 10:35:58.232 - algorithmLogger - BusinessManager.shutdown - INFO - 业务管理器已关闭
2024-08-15 10:35:58.232 - algorithmLogger - CoreController.shutdown - INFO - CoreController已经正常关闭当前状态为READY
2024-08-15 10:35:58.233 - algorithmLogger - AlgorithmRPCDataConnectServer.__stop_receiver_process - INFO - 数据接收任务已正常结束
2024-08-15 10:35:58.233 - algorithmLogger - CoreController.shutdown - INFO - CoreController已经非运行状态，无需再次关闭，当前状态为READY
2024-08-15 10:44:28.366 - algorithmLogger - CoreController.initial_system - INFO - core_manager初始化系统
2024-08-15 10:44:28.367 - algorithmLogger - ConfigManager.initial_system - INFO - config_manager启动
2024-08-15 10:44:28.369 - algorithmLogger - ConfigManager.initial_system - INFO - config_manager启动系统初始化{'connection': {'rpc_address': '[::]:9981'}, 'method': {'method_class_file': 'Algorithm/method/impl/AlgorithmImplement.py', 'method_class_name': 'AlgorithmImplement'}, 'sources': {'eeg_1': {'source_receiver': {'handler': 'continuous_data_source_receiver', 'configuration': {'chunk_size': 40}}}}, 'source_receiver_handlers': {'continuous_data_source_receiver': {'receiver_class_file': 'Algorithm/service/SourceReceiver/ContinuousDataSourceReceiver.py', 'receiver_class_name': 'ContinuousDataSourceReceiver'}}}
2024-08-15 10:44:28.810 - algorithmLogger - BusinessManager.initial_system - INFO - 已经加载数据源处理器{'continuous_data_source_receiver': {'receiver_class_file': 'Algorithm/service/SourceReceiver/ContinuousDataSourceReceiver.py', 'receiver_class_name': 'ContinuousDataSourceReceiver'}}
2024-08-15 10:44:28.810 - algorithmLogger - BusinessManager.initial_system - INFO - 已缓存源配置信息{'eeg_1': {'source_receiver': {'handler': 'continuous_data_source_receiver', 'configuration': {'chunk_size': 40}}}}
2024-08-15 10:44:28.811 - algorithmLogger - GrpcServer.startup - INFO - Starting GRPC Server
2024-08-15 10:44:28.813 - algorithmLogger - GrpcServer.startup - INFO - GRPC Server listening on [::]:9981
2024-08-15 10:44:28.813 - algorithmLogger - GrpcServer.startup - INFO - GRPC Server started
2024-08-15 10:44:28.813 - algorithmLogger - RPCController.startup - INFO - RPCController已启动
2024-08-15 10:44:31.963 - algorithmLogger - AlgorithmRPCDataConnectServer.connect - INFO - 接收到数据连接，抛出数据连接事件
2024-08-15 10:44:31.963 - algorithmLogger - BusinessManager.startup - INFO - 已经初始化数据源接收器{'eeg_1': <ContinuousDataSourceReceiver.ContinuousDataSourceReceiver object at 0x0000021F0D474CD0>}
2024-08-15 10:44:31.963 - algorithmLogger - MethodManager.startup - INFO - 算法已启动
2024-08-15 10:44:31.964 - algorithmLogger - AlgorithmRPCDataConnectServer.connect - INFO - 启动数据接收任务
2024-08-15 10:44:32.182 - algorithmLogger - AlgorithmRPCServiceControlServer.sendConfig - INFO - 接收到配置信息{'triggers': {1: 8, 2: 9, 3: 10, 4: 11, 5: 12, 6: 13, 7: 14, 8: 15, 9: 8.2, 10: 9.2, 11: 10.2, 12: 11.2, 13: 12.2, 14: 13.2, 15: 14.2, 16: 15.2, 17: 8.4, 18: 9.4, 19: 10.4, 20: 11.4, 21: 12.4, 22: 13.4, 23: 14.4, 24: 15.4, 25: 8.6, 26: 9.6, 27: 10.6, 28: 11.6, 29: 12.6, 30: 13.6, 31: 14.6, 32: 15.6, 33: 8.8, 34: 9.8, 35: 10.8, 36: 11.8, 37: 12.8, 38: 13.8, 39: 14.8, 40: 15.8}}
2024-08-15 10:44:32.185 - algorithmLogger - AlgorithmRPCServiceControlServer.getConfig - INFO - 发送配置信息{'sources': {'eeg_1': None}}
2024-08-15 10:46:26.213 - algorithmLogger - AlgorithmRPCDataConnectServer.connect - INFO - 收到数据连接取消异常，尝试关闭连接
2024-08-15 10:46:26.213 - algorithmLogger - AlgorithmRPCDataConnectServer.__receive_data_function - INFO - 数据接收任务取消
2024-08-15 10:46:26.214 - algorithmLogger - AlgorithmRPCDataConnectServer.__receive_data_function - INFO - 接收数据连接结束，发送结束信号事件RPC_DATA_INPUT_CONNECT_FINISHED
2024-08-15 10:46:26.214 - algorithmLogger - MethodManager.__run_algorithm_method - INFO - 算法执行结束
2024-08-15 10:46:26.214 - algorithmLogger - BusinessManager.shutdown - INFO - 业务管理器已关闭
2024-08-15 10:46:26.214 - algorithmLogger - CoreController.shutdown - INFO - CoreController已经正常关闭当前状态为READY
2024-08-15 10:46:26.214 - algorithmLogger - AlgorithmRPCDataConnectServer.__stop_receiver_process - INFO - 数据接收任务已正常结束
2024-08-15 10:46:26.214 - algorithmLogger - CoreController.shutdown - INFO - CoreController已经非运行状态，无需再次关闭，当前状态为READY
2024-08-15 10:47:33.496 - algorithmLogger - CoreController.initial_system - INFO - core_manager初始化系统
2024-08-15 10:47:33.496 - algorithmLogger - ConfigManager.initial_system - INFO - config_manager启动
2024-08-15 10:47:33.498 - algorithmLogger - ConfigManager.initial_system - INFO - config_manager启动系统初始化{'connection': {'rpc_address': '[::]:9981'}, 'method': {'method_class_file': 'Algorithm/method/impl/AlgorithmImplement.py', 'method_class_name': 'AlgorithmImplement'}, 'sources': {'eeg_1': {'source_receiver': {'handler': 'continuous_data_source_receiver', 'configuration': {'chunk_size': 40}}}}, 'source_receiver_handlers': {'continuous_data_source_receiver': {'receiver_class_file': 'Algorithm/service/SourceReceiver/ContinuousDataSourceReceiver.py', 'receiver_class_name': 'ContinuousDataSourceReceiver'}}}
2024-08-15 10:47:33.957 - algorithmLogger - BusinessManager.initial_system - INFO - 已经加载数据源处理器{'continuous_data_source_receiver': {'receiver_class_file': 'Algorithm/service/SourceReceiver/ContinuousDataSourceReceiver.py', 'receiver_class_name': 'ContinuousDataSourceReceiver'}}
2024-08-15 10:47:33.957 - algorithmLogger - BusinessManager.initial_system - INFO - 已缓存源配置信息{'eeg_1': {'source_receiver': {'handler': 'continuous_data_source_receiver', 'configuration': {'chunk_size': 40}}}}
2024-08-15 10:47:33.957 - algorithmLogger - GrpcServer.startup - INFO - Starting GRPC Server
2024-08-15 10:47:33.959 - algorithmLogger - GrpcServer.startup - INFO - GRPC Server listening on [::]:9981
2024-08-15 10:47:33.960 - algorithmLogger - GrpcServer.startup - INFO - GRPC Server started
2024-08-15 10:47:33.960 - algorithmLogger - RPCController.startup - INFO - RPCController已启动
2024-08-15 10:47:39.041 - algorithmLogger - AlgorithmRPCDataConnectServer.connect - INFO - 接收到数据连接，抛出数据连接事件
2024-08-15 10:47:39.041 - algorithmLogger - BusinessManager.startup - INFO - 已经初始化数据源接收器{'eeg_1': <ContinuousDataSourceReceiver.ContinuousDataSourceReceiver object at 0x000001ECA3CE0CD0>}
2024-08-15 10:47:39.041 - algorithmLogger - MethodManager.startup - INFO - 算法已启动
2024-08-15 10:47:39.041 - algorithmLogger - AlgorithmRPCDataConnectServer.connect - INFO - 启动数据接收任务
2024-08-15 10:47:39.191 - algorithmLogger - AlgorithmRPCServiceControlServer.sendConfig - INFO - 接收到配置信息{'triggers': {1: 8, 2: 9, 3: 10, 4: 11, 5: 12, 6: 13, 7: 14, 8: 15, 9: 8.2, 10: 9.2, 11: 10.2, 12: 11.2, 13: 12.2, 14: 13.2, 15: 14.2, 16: 15.2, 17: 8.4, 18: 9.4, 19: 10.4, 20: 11.4, 21: 12.4, 22: 13.4, 23: 14.4, 24: 15.4, 25: 8.6, 26: 9.6, 27: 10.6, 28: 11.6, 29: 12.6, 30: 13.6, 31: 14.6, 32: 15.6, 33: 8.8, 34: 9.8, 35: 10.8, 36: 11.8, 37: 12.8, 38: 13.8, 39: 14.8, 40: 15.8}}
2024-08-15 10:47:39.194 - algorithmLogger - AlgorithmRPCServiceControlServer.getConfig - INFO - 发送配置信息{'sources': {'eeg_1': None}}
2024-08-15 11:07:48.669 - algorithmLogger - AlgorithmRPCDataConnectServer.connect - INFO - 收到数据连接取消异常，尝试关闭连接
2024-08-15 11:07:48.670 - algorithmLogger - AlgorithmRPCDataConnectServer.__receive_data_function - INFO - 数据接收任务取消
2024-08-15 11:07:48.670 - algorithmLogger - AlgorithmRPCDataConnectServer.__receive_data_function - INFO - 接收数据连接结束，发送结束信号事件RPC_DATA_INPUT_CONNECT_FINISHED
2024-08-15 11:07:48.670 - algorithmLogger - MethodManager.__run_algorithm_method - INFO - 算法执行结束
2024-08-15 11:07:48.671 - algorithmLogger - BusinessManager.shutdown - INFO - 业务管理器已关闭
2024-08-15 11:07:48.671 - algorithmLogger - CoreController.shutdown - INFO - CoreController已经正常关闭当前状态为READY
2024-08-15 11:07:48.671 - algorithmLogger - AlgorithmRPCDataConnectServer.__stop_receiver_process - INFO - 数据接收任务已正常结束
2024-08-15 11:07:48.671 - algorithmLogger - CoreController.shutdown - INFO - CoreController已经非运行状态，无需再次关闭，当前状态为READY
2024-08-15 11:08:56.150 - algorithmLogger - CoreController.initial_system - INFO - core_manager初始化系统
2024-08-15 11:08:56.150 - algorithmLogger - ConfigManager.initial_system - INFO - config_manager启动
2024-08-15 11:08:56.152 - algorithmLogger - ConfigManager.initial_system - INFO - config_manager启动系统初始化{'connection': {'rpc_address': '[::]:9981'}, 'method': {'method_class_file': 'Algorithm/method/impl/AlgorithmImplement.py', 'method_class_name': 'AlgorithmImplement'}, 'sources': {'eeg_1': {'source_receiver': {'handler': 'continuous_data_source_receiver', 'configuration': {'chunk_size': 40}}}}, 'source_receiver_handlers': {'continuous_data_source_receiver': {'receiver_class_file': 'Algorithm/service/SourceReceiver/ContinuousDataSourceReceiver.py', 'receiver_class_name': 'ContinuousDataSourceReceiver'}}}
2024-08-15 11:08:56.650 - algorithmLogger - BusinessManager.initial_system - INFO - 已经加载数据源处理器{'continuous_data_source_receiver': {'receiver_class_file': 'Algorithm/service/SourceReceiver/ContinuousDataSourceReceiver.py', 'receiver_class_name': 'ContinuousDataSourceReceiver'}}
2024-08-15 11:08:56.650 - algorithmLogger - BusinessManager.initial_system - INFO - 已缓存源配置信息{'eeg_1': {'source_receiver': {'handler': 'continuous_data_source_receiver', 'configuration': {'chunk_size': 40}}}}
2024-08-15 11:08:56.650 - algorithmLogger - GrpcServer.startup - INFO - Starting GRPC Server
2024-08-15 11:08:56.653 - algorithmLogger - GrpcServer.startup - INFO - GRPC Server listening on [::]:9981
2024-08-15 11:08:56.653 - algorithmLogger - GrpcServer.startup - INFO - GRPC Server started
2024-08-15 11:08:56.653 - algorithmLogger - RPCController.startup - INFO - RPCController已启动
2024-08-15 11:09:00.981 - algorithmLogger - AlgorithmRPCDataConnectServer.connect - INFO - 接收到数据连接，抛出数据连接事件
2024-08-15 11:09:00.981 - algorithmLogger - BusinessManager.startup - INFO - 已经初始化数据源接收器{'eeg_1': <ContinuousDataSourceReceiver.ContinuousDataSourceReceiver object at 0x000002207F8C52D0>}
2024-08-15 11:09:00.981 - algorithmLogger - MethodManager.startup - INFO - 算法已启动
2024-08-15 11:09:00.981 - algorithmLogger - AlgorithmRPCDataConnectServer.connect - INFO - 启动数据接收任务
2024-08-15 11:09:01.135 - algorithmLogger - AlgorithmRPCServiceControlServer.sendConfig - INFO - 接收到配置信息{'triggers': {1: 8, 2: 9, 3: 10, 4: 11, 5: 12, 6: 13, 7: 14, 8: 15, 9: 8.2, 10: 9.2, 11: 10.2, 12: 11.2, 13: 12.2, 14: 13.2, 15: 14.2, 16: 15.2, 17: 8.4, 18: 9.4, 19: 10.4, 20: 11.4, 21: 12.4, 22: 13.4, 23: 14.4, 24: 15.4, 25: 8.6, 26: 9.6, 27: 10.6, 28: 11.6, 29: 12.6, 30: 13.6, 31: 14.6, 32: 15.6, 33: 8.8, 34: 9.8, 35: 10.8, 36: 11.8, 37: 12.8, 38: 13.8, 39: 14.8, 40: 15.8}}
2024-08-15 11:09:01.138 - algorithmLogger - AlgorithmRPCServiceControlServer.getConfig - INFO - 发送配置信息{'sources': {'eeg_1': None}}
2024-08-15 15:05:57.781 - algorithmLogger - MethodManager.__run_algorithm_method - INFO - 算法执行结束
2024-08-15 15:05:57.784 - algorithmLogger - AlgorithmRPCDataConnectServer.connect - INFO - 收到数据连接取消异常，尝试关闭连接
2024-08-15 15:05:57.786 - algorithmLogger - AlgorithmRPCDataConnectServer.__receive_data_function - INFO - 数据接收任务取消
2024-08-15 15:05:57.787 - algorithmLogger - AlgorithmRPCDataConnectServer.__receive_data_function - INFO - 接收数据连接结束，发送结束信号事件RPC_DATA_INPUT_CONNECT_FINISHED
2024-08-15 15:05:57.788 - algorithmLogger - BusinessManager.shutdown - INFO - 业务管理器已关闭
2024-08-15 15:05:57.788 - algorithmLogger - CoreController.shutdown - INFO - CoreController已经正常关闭当前状态为READY
2024-08-15 15:05:57.788 - algorithmLogger - CoreController.shutdown - INFO - CoreController已经非运行状态，无需再次关闭，当前状态为READY
2024-08-15 15:05:57.788 - algorithmLogger - AlgorithmRPCDataConnectServer.__stop_receiver_process - INFO - 数据接收任务已正常结束
2024-08-15 15:06:39.593 - algorithmLogger - CoreController.initial_system - INFO - core_manager初始化系统
2024-08-15 15:06:39.593 - algorithmLogger - ConfigManager.initial_system - INFO - config_manager启动
2024-08-15 15:06:39.595 - algorithmLogger - ConfigManager.initial_system - INFO - config_manager启动系统初始化{'connection': {'rpc_address': '[::]:9981'}, 'method': {'method_class_file': 'Algorithm/method/impl/AlgorithmImplement.py', 'method_class_name': 'AlgorithmImplement'}, 'sources': {'eeg_1': {'source_receiver': {'handler': 'continuous_data_source_receiver', 'configuration': {'chunk_size': 40}}}}, 'source_receiver_handlers': {'continuous_data_source_receiver': {'receiver_class_file': 'Algorithm/service/SourceReceiver/ContinuousDataSourceReceiver.py', 'receiver_class_name': 'ContinuousDataSourceReceiver'}}}
2024-08-15 15:06:40.241 - algorithmLogger - BusinessManager.initial_system - INFO - 已经加载数据源处理器{'continuous_data_source_receiver': {'receiver_class_file': 'Algorithm/service/SourceReceiver/ContinuousDataSourceReceiver.py', 'receiver_class_name': 'ContinuousDataSourceReceiver'}}
2024-08-15 15:06:40.241 - algorithmLogger - BusinessManager.initial_system - INFO - 已缓存源配置信息{'eeg_1': {'source_receiver': {'handler': 'continuous_data_source_receiver', 'configuration': {'chunk_size': 40}}}}
2024-08-15 15:06:40.241 - algorithmLogger - GrpcServer.startup - INFO - Starting GRPC Server
2024-08-15 15:06:40.244 - algorithmLogger - GrpcServer.startup - INFO - GRPC Server listening on [::]:9981
2024-08-15 15:06:40.244 - algorithmLogger - GrpcServer.startup - INFO - GRPC Server started
2024-08-15 15:06:40.244 - algorithmLogger - RPCController.startup - INFO - RPCController已启动
2024-08-15 15:06:43.521 - algorithmLogger - AlgorithmRPCDataConnectServer.connect - INFO - 接收到数据连接，抛出数据连接事件
2024-08-15 15:06:43.521 - algorithmLogger - BusinessManager.startup - INFO - 已经初始化数据源接收器{'eeg_1': <ContinuousDataSourceReceiver.ContinuousDataSourceReceiver object at 0x00000169FE6B4D30>}
2024-08-15 15:06:43.521 - algorithmLogger - MethodManager.startup - INFO - 算法已启动
2024-08-15 15:06:43.522 - algorithmLogger - AlgorithmRPCDataConnectServer.connect - INFO - 启动数据接收任务
2024-08-15 15:06:43.663 - algorithmLogger - AlgorithmRPCServiceControlServer.sendConfig - INFO - 接收到配置信息{'triggers': {1: 8, 2: 9, 3: 10, 4: 11, 5: 12, 6: 13, 7: 14, 8: 15, 9: 8.2, 10: 9.2, 11: 10.2, 12: 11.2, 13: 12.2, 14: 13.2, 15: 14.2, 16: 15.2, 17: 8.4, 18: 9.4, 19: 10.4, 20: 11.4, 21: 12.4, 22: 13.4, 23: 14.4, 24: 15.4, 25: 8.6, 26: 9.6, 27: 10.6, 28: 11.6, 29: 12.6, 30: 13.6, 31: 14.6, 32: 15.6, 33: 8.8, 34: 9.8, 35: 10.8, 36: 11.8, 37: 12.8, 38: 13.8, 39: 14.8, 40: 15.8}}
2024-08-15 15:06:43.666 - algorithmLogger - AlgorithmRPCServiceControlServer.getConfig - INFO - 发送配置信息{'sources': {'eeg_1': None}}
2024-08-15 15:07:33.019 - algorithmLogger - AlgorithmRPCDataConnectServer.connect - INFO - 收到数据连接取消异常，尝试关闭连接
2024-08-15 15:07:33.019 - algorithmLogger - AlgorithmRPCDataConnectServer.__receive_data_function - INFO - 数据接收任务取消
2024-08-15 15:07:33.020 - algorithmLogger - AlgorithmRPCDataConnectServer.__receive_data_function - INFO - 接收数据连接结束，发送结束信号事件RPC_DATA_INPUT_CONNECT_FINISHED
2024-08-15 15:07:33.020 - algorithmLogger - MethodManager.__run_algorithm_method - INFO - 算法执行结束
2024-08-15 15:07:33.020 - algorithmLogger - BusinessManager.shutdown - INFO - 业务管理器已关闭
2024-08-15 15:07:33.020 - algorithmLogger - CoreController.shutdown - INFO - CoreController已经正常关闭当前状态为READY
2024-08-15 15:07:33.020 - algorithmLogger - AlgorithmRPCDataConnectServer.__stop_receiver_process - INFO - 数据接收任务已正常结束
2024-08-15 15:07:33.021 - algorithmLogger - CoreController.shutdown - INFO - CoreController已经非运行状态，无需再次关闭，当前状态为READY
2024-08-15 15:08:18.837 - algorithmLogger - CoreController.initial_system - INFO - core_manager初始化系统
2024-08-15 15:08:18.837 - algorithmLogger - ConfigManager.initial_system - INFO - config_manager启动
2024-08-15 15:08:18.839 - algorithmLogger - ConfigManager.initial_system - INFO - config_manager启动系统初始化{'connection': {'rpc_address': '[::]:9981'}, 'method': {'method_class_file': 'Algorithm/method/impl/AlgorithmImplement.py', 'method_class_name': 'AlgorithmImplement'}, 'sources': {'eeg_1': {'source_receiver': {'handler': 'continuous_data_source_receiver', 'configuration': {'chunk_size': 40}}}}, 'source_receiver_handlers': {'continuous_data_source_receiver': {'receiver_class_file': 'Algorithm/service/SourceReceiver/ContinuousDataSourceReceiver.py', 'receiver_class_name': 'ContinuousDataSourceReceiver'}}}
2024-08-15 15:08:19.272 - algorithmLogger - BusinessManager.initial_system - INFO - 已经加载数据源处理器{'continuous_data_source_receiver': {'receiver_class_file': 'Algorithm/service/SourceReceiver/ContinuousDataSourceReceiver.py', 'receiver_class_name': 'ContinuousDataSourceReceiver'}}
2024-08-15 15:08:19.272 - algorithmLogger - BusinessManager.initial_system - INFO - 已缓存源配置信息{'eeg_1': {'source_receiver': {'handler': 'continuous_data_source_receiver', 'configuration': {'chunk_size': 40}}}}
2024-08-15 15:08:19.273 - algorithmLogger - GrpcServer.startup - INFO - Starting GRPC Server
2024-08-15 15:08:19.276 - algorithmLogger - GrpcServer.startup - INFO - GRPC Server listening on [::]:9981
2024-08-15 15:08:19.276 - algorithmLogger - GrpcServer.startup - INFO - GRPC Server started
2024-08-15 15:08:19.276 - algorithmLogger - RPCController.startup - INFO - RPCController已启动
2024-08-15 15:08:22.779 - algorithmLogger - AlgorithmRPCDataConnectServer.connect - INFO - 接收到数据连接，抛出数据连接事件
2024-08-15 15:08:22.779 - algorithmLogger - BusinessManager.startup - INFO - 已经初始化数据源接收器{'eeg_1': <ContinuousDataSourceReceiver.ContinuousDataSourceReceiver object at 0x000001D4A6000D00>}
2024-08-15 15:08:22.780 - algorithmLogger - MethodManager.startup - INFO - 算法已启动
2024-08-15 15:08:22.780 - algorithmLogger - AlgorithmRPCDataConnectServer.connect - INFO - 启动数据接收任务
2024-08-15 15:08:22.914 - algorithmLogger - AlgorithmRPCServiceControlServer.sendConfig - INFO - 接收到配置信息{'triggers': {1: 8, 2: 9, 3: 10, 4: 11, 5: 12, 6: 13, 7: 14, 8: 15, 9: 8.2, 10: 9.2, 11: 10.2, 12: 11.2, 13: 12.2, 14: 13.2, 15: 14.2, 16: 15.2, 17: 8.4, 18: 9.4, 19: 10.4, 20: 11.4, 21: 12.4, 22: 13.4, 23: 14.4, 24: 15.4, 25: 8.6, 26: 9.6, 27: 10.6, 28: 11.6, 29: 12.6, 30: 13.6, 31: 14.6, 32: 15.6, 33: 8.8, 34: 9.8, 35: 10.8, 36: 11.8, 37: 12.8, 38: 13.8, 39: 14.8, 40: 15.8}}
2024-08-15 15:08:22.916 - algorithmLogger - AlgorithmRPCServiceControlServer.getConfig - INFO - 发送配置信息{'sources': {'eeg_1': None}}
2024-08-15 15:35:23.288 - algorithmLogger - AlgorithmRPCDataConnectServer.__receive_data_function - INFO - 接收数据连接结束，发送结束信号事件RPC_DATA_INPUT_CONNECT_FINISHED
2024-08-15 15:35:23.289 - algorithmLogger - MethodManager.shutdown - INFO - 等待算法结束
2024-08-15 15:35:23.304 - algorithmLogger - AlgorithmRPCDataConnectServer.connect - INFO - 收到数据连接取消异常，尝试关闭连接
2024-08-15 15:35:24.335 - algorithmLogger - MethodManager.__run_algorithm_method - INFO - 算法执行结束
2024-08-15 15:35:24.347 - algorithmLogger - CoreController.shutdown - INFO - CoreController已经非运行状态，无需再次关闭，当前状态为STOPPING
2024-08-15 15:36:01.449 - algorithmLogger - CoreController.initial_system - INFO - core_manager初始化系统
2024-08-15 15:36:01.449 - algorithmLogger - ConfigManager.initial_system - INFO - config_manager启动
2024-08-15 15:36:01.452 - algorithmLogger - ConfigManager.initial_system - INFO - config_manager启动系统初始化{'connection': {'rpc_address': '[::]:9981'}, 'method': {'method_class_file': 'Algorithm/method/impl/AlgorithmImplement.py', 'method_class_name': 'AlgorithmImplement'}, 'sources': {'eeg_1': {'source_receiver': {'handler': 'continuous_data_source_receiver', 'configuration': {'chunk_size': 40}}}}, 'source_receiver_handlers': {'continuous_data_source_receiver': {'receiver_class_file': 'Algorithm/service/SourceReceiver/ContinuousDataSourceReceiver.py', 'receiver_class_name': 'ContinuousDataSourceReceiver'}}}
2024-08-15 15:36:01.932 - algorithmLogger - BusinessManager.initial_system - INFO - 已经加载数据源处理器{'continuous_data_source_receiver': {'receiver_class_file': 'Algorithm/service/SourceReceiver/ContinuousDataSourceReceiver.py', 'receiver_class_name': 'ContinuousDataSourceReceiver'}}
2024-08-15 15:36:01.932 - algorithmLogger - BusinessManager.initial_system - INFO - 已缓存源配置信息{'eeg_1': {'source_receiver': {'handler': 'continuous_data_source_receiver', 'configuration': {'chunk_size': 40}}}}
2024-08-15 15:36:01.932 - algorithmLogger - GrpcServer.startup - INFO - Starting GRPC Server
2024-08-15 15:36:01.934 - algorithmLogger - GrpcServer.startup - INFO - GRPC Server listening on [::]:9981
2024-08-15 15:36:01.935 - algorithmLogger - GrpcServer.startup - INFO - GRPC Server started
2024-08-15 15:36:01.935 - algorithmLogger - RPCController.startup - INFO - RPCController已启动
2024-08-15 15:36:05.660 - algorithmLogger - AlgorithmRPCDataConnectServer.connect - INFO - 接收到数据连接，抛出数据连接事件
2024-08-15 15:36:05.660 - algorithmLogger - BusinessManager.startup - INFO - 已经初始化数据源接收器{'eeg_1': <ContinuousDataSourceReceiver.ContinuousDataSourceReceiver object at 0x000001C420944D00>}
2024-08-15 15:36:05.660 - algorithmLogger - MethodManager.startup - INFO - 算法已启动
2024-08-15 15:36:05.660 - algorithmLogger - AlgorithmRPCDataConnectServer.connect - INFO - 启动数据接收任务
2024-08-15 15:36:05.717 - algorithmLogger - AlgorithmRPCServiceControlServer.sendConfig - INFO - 接收到配置信息{'triggers': {1: 8, 2: 9, 3: 10, 4: 11, 5: 12, 6: 13, 7: 14, 8: 15, 9: 8.2, 10: 9.2, 11: 10.2, 12: 11.2, 13: 12.2, 14: 13.2, 15: 14.2, 16: 15.2, 17: 8.4, 18: 9.4, 19: 10.4, 20: 11.4, 21: 12.4, 22: 13.4, 23: 14.4, 24: 15.4, 25: 8.6, 26: 9.6, 27: 10.6, 28: 11.6, 29: 12.6, 30: 13.6, 31: 14.6, 32: 15.6, 33: 8.8, 34: 9.8, 35: 10.8, 36: 11.8, 37: 12.8, 38: 13.8, 39: 14.8, 40: 15.8}}
2024-08-15 15:36:05.721 - algorithmLogger - AlgorithmRPCServiceControlServer.getConfig - INFO - 发送配置信息{'sources': {'eeg_1': None}}
2024-08-15 15:36:16.114 - algorithmLogger - AlgorithmRPCDataConnectServer.connect - INFO - 收到数据连接取消异常，尝试关闭连接
2024-08-15 15:36:16.114 - algorithmLogger - AlgorithmRPCDataConnectServer.__receive_data_function - INFO - 数据接收任务取消
2024-08-15 15:36:16.114 - algorithmLogger - AlgorithmRPCDataConnectServer.__receive_data_function - INFO - 接收数据连接结束，发送结束信号事件RPC_DATA_INPUT_CONNECT_FINISHED
2024-08-15 15:36:16.114 - algorithmLogger - MethodManager.__run_algorithm_method - INFO - 算法执行结束
2024-08-15 15:36:16.115 - algorithmLogger - BusinessManager.shutdown - INFO - 业务管理器已关闭
2024-08-15 15:36:16.115 - algorithmLogger - CoreController.shutdown - INFO - CoreController已经正常关闭当前状态为READY
2024-08-15 15:36:16.115 - algorithmLogger - AlgorithmRPCDataConnectServer.__stop_receiver_process - INFO - 数据接收任务已正常结束
2024-08-15 15:36:16.115 - algorithmLogger - CoreController.shutdown - INFO - CoreController已经非运行状态，无需再次关闭，当前状态为READY
2024-08-15 15:36:33.443 - algorithmLogger - CoreController.initial_system - INFO - core_manager初始化系统
2024-08-15 15:36:33.443 - algorithmLogger - ConfigManager.initial_system - INFO - config_manager启动
2024-08-15 15:36:33.445 - algorithmLogger - ConfigManager.initial_system - INFO - config_manager启动系统初始化{'connection': {'rpc_address': '[::]:9981'}, 'method': {'method_class_file': 'Algorithm/method/impl/AlgorithmImplement.py', 'method_class_name': 'AlgorithmImplement'}, 'sources': {'eeg_1': {'source_receiver': {'handler': 'continuous_data_source_receiver', 'configuration': {'chunk_size': 40}}}}, 'source_receiver_handlers': {'continuous_data_source_receiver': {'receiver_class_file': 'Algorithm/service/SourceReceiver/ContinuousDataSourceReceiver.py', 'receiver_class_name': 'ContinuousDataSourceReceiver'}}}
2024-08-15 15:36:33.899 - algorithmLogger - BusinessManager.initial_system - INFO - 已经加载数据源处理器{'continuous_data_source_receiver': {'receiver_class_file': 'Algorithm/service/SourceReceiver/ContinuousDataSourceReceiver.py', 'receiver_class_name': 'ContinuousDataSourceReceiver'}}
2024-08-15 15:36:33.899 - algorithmLogger - BusinessManager.initial_system - INFO - 已缓存源配置信息{'eeg_1': {'source_receiver': {'handler': 'continuous_data_source_receiver', 'configuration': {'chunk_size': 40}}}}
2024-08-15 15:36:33.899 - algorithmLogger - GrpcServer.startup - INFO - Starting GRPC Server
2024-08-15 15:36:33.902 - algorithmLogger - GrpcServer.startup - INFO - GRPC Server listening on [::]:9981
2024-08-15 15:36:33.902 - algorithmLogger - GrpcServer.startup - INFO - GRPC Server started
2024-08-15 15:36:33.902 - algorithmLogger - RPCController.startup - INFO - RPCController已启动
2024-08-15 15:36:36.447 - algorithmLogger - AlgorithmRPCDataConnectServer.connect - INFO - 接收到数据连接，抛出数据连接事件
2024-08-15 15:36:36.447 - algorithmLogger - BusinessManager.startup - INFO - 已经初始化数据源接收器{'eeg_1': <ContinuousDataSourceReceiver.ContinuousDataSourceReceiver object at 0x00000194FDC94CD0>}
2024-08-15 15:36:36.447 - algorithmLogger - MethodManager.startup - INFO - 算法已启动
2024-08-15 15:36:36.447 - algorithmLogger - AlgorithmRPCDataConnectServer.connect - INFO - 启动数据接收任务
2024-08-15 15:36:36.572 - algorithmLogger - AlgorithmRPCServiceControlServer.sendConfig - INFO - 接收到配置信息{'triggers': {1: 8, 2: 9, 3: 10, 4: 11, 5: 12, 6: 13, 7: 14, 8: 15, 9: 8.2, 10: 9.2, 11: 10.2, 12: 11.2, 13: 12.2, 14: 13.2, 15: 14.2, 16: 15.2, 17: 8.4, 18: 9.4, 19: 10.4, 20: 11.4, 21: 12.4, 22: 13.4, 23: 14.4, 24: 15.4, 25: 8.6, 26: 9.6, 27: 10.6, 28: 11.6, 29: 12.6, 30: 13.6, 31: 14.6, 32: 15.6, 33: 8.8, 34: 9.8, 35: 10.8, 36: 11.8, 37: 12.8, 38: 13.8, 39: 14.8, 40: 15.8}}
2024-08-15 15:36:36.576 - algorithmLogger - AlgorithmRPCServiceControlServer.getConfig - INFO - 发送配置信息{'sources': {'eeg_1': None}}
2024-08-15 18:28:52.520 - algorithmLogger - CoreController.initial_system - INFO - core_manager初始化系统
2024-08-15 18:28:52.520 - algorithmLogger - ConfigManager.initial_system - INFO - config_manager启动
2024-08-15 18:28:52.522 - algorithmLogger - ConfigManager.initial_system - INFO - config_manager启动系统初始化{'connection': {'rpc_address': '[::]:9981'}, 'method': {'method_class_file': 'Algorithm/method/impl/AlgorithmImplement.py', 'method_class_name': 'AlgorithmImplement'}, 'sources': {'eeg_1': {'source_receiver': {'handler': 'continuous_data_source_receiver', 'configuration': {'chunk_size': 40}}}}, 'source_receiver_handlers': {'continuous_data_source_receiver': {'receiver_class_file': 'Algorithm/service/SourceReceiver/ContinuousDataSourceReceiver.py', 'receiver_class_name': 'ContinuousDataSourceReceiver'}}}
2024-08-15 18:28:53.629 - algorithmLogger - BusinessManager.initial_system - INFO - 已经加载数据源处理器{'continuous_data_source_receiver': {'receiver_class_file': 'Algorithm/service/SourceReceiver/ContinuousDataSourceReceiver.py', 'receiver_class_name': 'ContinuousDataSourceReceiver'}}
2024-08-15 18:28:53.629 - algorithmLogger - BusinessManager.initial_system - INFO - 已缓存源配置信息{'eeg_1': {'source_receiver': {'handler': 'continuous_data_source_receiver', 'configuration': {'chunk_size': 40}}}}
2024-08-15 18:28:53.630 - algorithmLogger - GrpcServer.startup - INFO - Starting GRPC Server
2024-08-15 18:28:53.633 - algorithmLogger - GrpcServer.startup - INFO - GRPC Server listening on [::]:9981
2024-08-15 18:28:53.633 - algorithmLogger - GrpcServer.startup - INFO - GRPC Server started
2024-08-15 18:28:53.633 - algorithmLogger - RPCController.startup - INFO - RPCController已启动
